[     111ms] [ERROR] Failed to load resource: the server responded with a status of 404 (Not Found) @ http://localhost:3000/dashboard/tasks/e2911434-3414-4473-8ec9-88cc85dd0c00:0
[   32619ms] [ERROR] WebSocket connection to 'ws://localhost:3000/_next/webpack-hmr?id=qts7Lh0m51L1M5AfcpbtI' failed:  @ http://localhost:3000/_next/static/chunks/9e883_next_dist_client_21c89b8d._.js:10878
[   33631ms] [ERROR] WebSocket connection to 'ws://localhost:3000/_next/webpack-hmr?id=qts7Lh0m51L1M5AfcpbtI' failed: Error in connection establishment: net::ERR_CONNECTION_REFUSED @ http://localhost:3000/_next/static/chunks/9e883_next_dist_client_21c89b8d._.js:10878
[   40796ms] [ERROR] Failed to load resource: the server responded with a status of 401 () @ https://arimatch1-crewhub-staging.hf.space/api/v1/activity/stream:0
[   42084ms] [ERROR] Failed to load resource: the server responded with a status of 401 () @ https://arimatch1-crewhub-staging.hf.space/api/v1/activity/stream:0
[   42603ms] [ERROR] %o

%s TypeError: Cannot read properties of null (reading 'toLocaleString')
    at formatCredits (http://localhost:3000/_next/static/chunks/frontend_src_f507a9dc._.js:602:19)
    at TaskDetailClient (http://localhost:3000/_next/static/chunks/frontend_src_ce904089._.js:1420:213)
    at Object.react_stack_bottom_frame (http://localhost:3000/_next/static/chunks/9e883_next_dist_compiled_react-dom_33d456f8._.js:14826:24)
    at renderWithHooks (http://localhost:3000/_next/static/chunks/9e883_next_dist_compiled_react-dom_33d456f8._.js:4651:24)
    at updateFunctionComponent (http://localhost:3000/_next/static/chunks/9e883_next_dist_compiled_react-dom_33d456f8._.js:6112:21)
    at beginWork (http://localhost:3000/_next/static/chunks/9e883_next_dist_compiled_react-dom_33d456f8._.js:6708:24)
    at runWithFiberInDEV (http://localhost:3000/_next/static/chunks/9e883_next_dist_compiled_react-dom_33d456f8._.js:965:74)
    at performUnitOfWork (http://localhost:3000/_next/static/chunks/9e883_next_dist_compiled_react-dom_33d456f8._.js:9562:97)
    at workLoopSync (http://localhost:3000/_next/static/chunks/9e883_next_dist_compiled_react-dom_33d456f8._.js:9456:40)
    at renderRootSync (http://localhost:3000/_next/static/chunks/9e883_next_dist_compiled_react-dom_33d456f8._.js:9440:13)
    at performWorkOnRoot (http://localhost:3000/_next/static/chunks/9e883_next_dist_compiled_react-dom_33d456f8._.js:9105:47)
    at performSyncWorkOnRoot (http://localhost:3000/_next/static/chunks/9e883_next_dist_compiled_react-dom_33d456f8._.js:10238:9)
    at flushSyncWorkAcrossRoots_impl (http://localhost:3000/_next/static/chunks/9e883_next_dist_compiled_react-dom_33d456f8._.js:10154:316)
    at processRootScheduleInMicrotask (http://localhost:3000/_next/static/chunks/9e883_next_dist_compiled_react-dom_33d456f8._.js:10175:106)
    at http://localhost:3000/_next/static/chunks/9e883_next_dist_compiled_react-dom_33d456f8._.js:10249:158 The above error occurred in the <TaskDetailClient> component. It was handled by the <ErrorBoundaryHandler> error boundary. @ http://localhost:3000/_next/static/chunks/9e883_next_dist_client_21c89b8d._.js:1342
[   42605ms] [ERROR] TypeError: Cannot read properties of null (reading 'toLocaleString')
    at formatCredits (http://localhost:3000/_next/static/chunks/frontend_src_f507a9dc._.js:602:19)
    at TaskDetailClient (http://localhost:3000/_next/static/chunks/frontend_src_ce904089._.js:1420:213)
    at Object.react_stack_bottom_frame (http://localhost:3000/_next/static/chunks/9e883_next_dist_compiled_react-dom_33d456f8._.js:14826:24)
    at renderWithHooks (http://localhost:3000/_next/static/chunks/9e883_next_dist_compiled_react-dom_33d456f8._.js:4651:24)
    at updateFunctionComponent (http://localhost:3000/_next/static/chunks/9e883_next_dist_compiled_react-dom_33d456f8._.js:6112:21)
    at beginWork (http://localhost:3000/_next/static/chunks/9e883_next_dist_compiled_react-dom_33d456f8._.js:6708:24)
    at runWithFiberInDEV (http://localhost:3000/_next/static/chunks/9e883_next_dist_compiled_react-dom_33d456f8._.js:965:74)
    at performUnitOfWork (http://localhost:3000/_next/static/chunks/9e883_next_dist_compiled_react-dom_33d456f8._.js:9562:97)
    at workLoopSync (http://localhost:3000/_next/static/chunks/9e883_next_dist_compiled_react-dom_33d456f8._.js:9456:40)
    at renderRootSync (http://localhost:3000/_next/static/chunks/9e883_next_dist_compiled_react-dom_33d456f8._.js:9440:13)
    at performWorkOnRoot (http://localhost:3000/_next/static/chunks/9e883_next_dist_compiled_react-dom_33d456f8._.js:9105:47)
    at performSyncWorkOnRoot (http://localhost:3000/_next/static/chunks/9e883_next_dist_compiled_react-dom_33d456f8._.js:10238:9)
    at flushSyncWorkAcrossRoots_impl (http://localhost:3000/_next/static/chunks/9e883_next_dist_compiled_react-dom_33d456f8._.js:10154:316)
    at processRootScheduleInMicrotask (http://localhost:3000/_next/static/chunks/9e883_next_dist_compiled_react-dom_33d456f8._.js:10175:106)
    at http://localhost:3000/_next/static/chunks/9e883_next_dist_compiled_react-dom_33d456f8._.js:10249:158 @ http://localhost:3000/_next/static/chunks/9e883_next_dist_e24ad472._.js:3127
[   42606ms] [ERROR] TypeError: Cannot read properties of null (reading 'toLocaleString')
    at formatCredits (http://localhost:3000/_next/static/chunks/frontend_src_f507a9dc._.js:602:19)
    at TaskDetailClient (http://localhost:3000/_next/static/chunks/frontend_src_ce904089._.js:1420:213)
    at Object.react_stack_bottom_frame (http://localhost:3000/_next/static/chunks/9e883_next_dist_compiled_react-dom_33d456f8._.js:14826:24)
    at renderWithHooks (http://localhost:3000/_next/static/chunks/9e883_next_dist_compiled_react-dom_33d456f8._.js:4651:24)
    at updateFunctionComponent (http://localhost:3000/_next/static/chunks/9e883_next_dist_compiled_react-dom_33d456f8._.js:6112:21)
    at beginWork (http://localhost:3000/_next/static/chunks/9e883_next_dist_compiled_react-dom_33d456f8._.js:6708:24)
    at runWithFiberInDEV (http://localhost:3000/_next/static/chunks/9e883_next_dist_compiled_react-dom_33d456f8._.js:965:74)
    at performUnitOfWork (http://localhost:3000/_next/static/chunks/9e883_next_dist_compiled_react-dom_33d456f8._.js:9562:97)
    at workLoopSync (http://localhost:3000/_next/static/chunks/9e883_next_dist_compiled_react-dom_33d456f8._.js:9456:40)
    at renderRootSync (http://localhost:3000/_next/static/chunks/9e883_next_dist_compiled_react-dom_33d456f8._.js:9440:13)
    at performWorkOnRoot (http://localhost:3000/_next/static/chunks/9e883_next_dist_compiled_react-dom_33d456f8._.js:9105:47)
    at performSyncWorkOnRoot (http://localhost:3000/_next/static/chunks/9e883_next_dist_compiled_react-dom_33d456f8._.js:10238:9)
    at flushSyncWorkAcrossRoots_impl (http://localhost:3000/_next/static/chunks/9e883_next_dist_compiled_react-dom_33d456f8._.js:10154:316)
    at processRootScheduleInMicrotask (http://localhost:3000/_next/static/chunks/9e883_next_dist_compiled_react-dom_33d456f8._.js:10175:106)
    at http://localhost:3000/_next/static/chunks/9e883_next_dist_compiled_react-dom_33d456f8._.js:10249:158 @ http://localhost:3000/_next/static/chunks/9e883_next_dist_e24ad472._.js:3127
[   44440ms] [ERROR] Failed to load resource: the server responded with a status of 401 () @ https://arimatch1-crewhub-staging.hf.space/api/v1/activity/stream:0
